
Showing logs for build [32mcb-kubecd-bdd-gh-1570609673-pr-1[0m stage [32mfrom-build-pack[0m and container [32mstep-credential-initializer-4dlkm[0m
{"level":"warn","ts":1570611182.8963208,"logger":"fallback-logger","caller":"logging/config.go:69","msg":"Fetch GitHub commit ID from kodata failed: \"ref: refs/heads/master\" is not a valid GitHub commit ID"}
{"level":"info","ts":1570611182.8968546,"logger":"fallback-logger","caller":"creds-init/main.go:40","msg":"Credentials initialized."}

Showing logs for build [32mcb-kubecd-bdd-gh-1570609673-pr-1[0m stage [32mfrom-build-pack[0m and container [32mstep-working-dir-initializer-q5zj9[0m
{"level":"warn","ts":1570611183.789339,"logger":"fallback-logger","caller":"logging/config.go:69","msg":"Fetch GitHub commit ID from kodata failed: open /var/run/ko/HEAD: no such file or directory"}
{"level":"info","ts":1570611183.7910407,"logger":"fallback-logger","caller":"bash/main.go:65","msg":"Successfully executed command \"mkdir -p /workspace/source /workspace/source/charts/preview\""}

Showing logs for build [32mcb-kubecd-bdd-gh-1570609673-pr-1[0m stage [32mfrom-build-pack[0m and container [32mstep-place-tools[0m

Showing logs for build [32mcb-kubecd-bdd-gh-1570609673-pr-1[0m stage [32mfrom-build-pack[0m and container [32mstep-git-source-cb-kubecd-bdd-gh-1570609673-pr-z6pqg[0m
{"level":"warn","ts":1570611189.9464097,"logger":"fallback-logger","caller":"logging/config.go:69","msg":"Fetch GitHub commit ID from kodata failed: \"ref: refs/heads/master\" is not a valid GitHub commit ID"}
{"level":"info","ts":1570611191.046323,"logger":"fallback-logger","caller":"git/git.go:102","msg":"Successfully cloned https://github.com/cb-kubecd/bdd-gh-1570609673.git @ 6ce7a4260a109ee4cbd4bb281403bdd376da4b58 in path /workspace/source"}

Showing logs for build [32mcb-kubecd-bdd-gh-1570609673-pr-1[0m stage [32mfrom-build-pack[0m and container [32mstep-git-merge[0m
Using SHAs from PULL_REFS=master:be4d03d82883c9fc6beafa6e8397df30006c0edf,1:6ce7a4260a109ee4cbd4bb281403bdd376da4b58
DEBUG: ran git fetch --unshallow origin 6ce7a4260a109ee4cbd4bb281403bdd376da4b58: be4d03d82883c9fc6beafa6e8397df30006c0edf: in 
DEBUG: ran git checkout master in 
DEBUG: ran git reset --hard be4d03d82883c9fc6beafa6e8397df30006c0edf in 
DEBUG: ran clean --force -d . in 
DEBUG: ran git merge 6ce7a4260a109ee4cbd4bb281403bdd376da4b58 in 
Merged SHA 6ce7a4260a109ee4cbd4bb281403bdd376da4b58 with commit message 'My first PR commit' into base branch master

Showing logs for build [32mcb-kubecd-bdd-gh-1570609673-pr-1[0m stage [32mfrom-build-pack[0m and container [32mstep-build-make-linux[0m
CGO_ENABLED=0 GOOS=linux GOARCH=amd64 GO15VENDOREXPERIMENT=1 go build -ldflags '' -o bin/bdd-gh-1570609673 main.go

Showing logs for build [32mcb-kubecd-bdd-gh-1570609673-pr-1[0m stage [32mfrom-build-pack[0m and container [32mstep-build-container-build[0m
[36mINFO[0m[0000] No base image, nothing to extract            
[36mINFO[0m[0000] cmd: EXPOSE                                  
[36mINFO[0m[0000] Adding exposed port: 8080/tcp                
[36mINFO[0m[0000] Using files from context: [/workspace/source/bin] 
[36mINFO[0m[0000] Skipping unpacking as no commands require it. 
[36mINFO[0m[0000] Taking snapshot of full filesystem...        
[36mINFO[0m[0000] EXPOSE 8080                                  
[36mINFO[0m[0000] cmd: EXPOSE                                  
[36mINFO[0m[0000] Adding exposed port: 8080/tcp                
[36mINFO[0m[0000] No files changed in this command, skipping snapshotting. 
[36mINFO[0m[0000] ENTRYPOINT ["/bdd-gh-1570609673"]            
[36mINFO[0m[0000] No files changed in this command, skipping snapshotting. 
[36mINFO[0m[0000] Using files from context: [/workspace/source/bin] 
[36mINFO[0m[0000] COPY ./bin/ /                                
[36mINFO[0m[0000] Taking snapshot of files...                  
2019/10/09 08:53:22 pushed blob: sha256:86452e86b3b5a2df8996aa2dd897fcb0a5bc85778152cba1cce1edee19614247
2019/10/09 08:53:23 pushed blob: sha256:9b4d35977505685f15a9737bb04faf63d621589f061dbb468b4692c41d906241
2019/10/09 08:53:24 gcr.io/jenkins-x-bdd3/bdd-gh-1570609673:0.0.0-SNAPSHOT-PR-1-1: digest: sha256:83d590043dc5ddc060c34248cb9fa3e080fbcd205f7ed47c67de115eb9c1b831 size: 428

Showing logs for build [32mcb-kubecd-bdd-gh-1570609673-pr-1[0m stage [32mfrom-build-pack[0m and container [32mstep-postbuild-post-build[0m
no CVE provider running in the current ** namespace so skip adding image to be analysed

Showing logs for build [32mcb-kubecd-bdd-gh-1570609673-pr-1[0m stage [32mfrom-build-pack[0m and container [32mstep-promote-make-preview[0m
sed -i -e "s/version:.*/version: 0.0.0-SNAPSHOT-PR-1-1/" Chart.yaml
sed -i -e "s/version:.*/version: 0.0.0-SNAPSHOT-PR-1-1/" ../*/Chart.yaml
sed -i -e "s|repository:.*|repository: gcr.io\/jenkins-x-bdd3\/bdd-gh-1570609673|" values.yaml
sed -i -e "s/tag:.*/tag: 0.0.0-SNAPSHOT-PR-1-1/" values.yaml
echo "  version: 0.0.0-SNAPSHOT-PR-1-1" >> requirements.yaml
** step helm build
WARNING: No $CHART_REPOSITORY defined so using the default value of: http://jenkins-x-chartmuseum:8080
Adding missing Helm repo: storage.googleapis.com https://storage.googleapis.com/chartmuseum.jenkins-x.io
Read credentials for https://storage.googleapis.com/chartmuseum.jenkins-x.io from vault helm/repos
Successfully added Helm repository storage.googleapis.com.
Adding missing Helm repo: jenkins-x-chartmuseum http://jenkins-x-chartmuseum:8080
Read credentials for http://jenkins-x-chartmuseum:8080 from vault helm/repos
Successfully added Helm repository jenkins-x-chartmuseum.
WARNING: No $CHART_REPOSITORY defined so using the default value of: http://jenkins-x-chartmuseum:8080
Adding missing Helm repo: chartmuseum.jenkins-x.io http://chartmuseum.jenkins-x.io
Read credentials for http://chartmuseum.jenkins-x.io from vault helm/repos
Successfully added Helm repository chartmuseum.jenkins-x.io.

Showing logs for build [32mcb-kubecd-bdd-gh-1570609673-pr-1[0m stage [32mfrom-build-pack[0m and container [32mstep-promote-jx-preview[0m
Creating a preview
WARNING: No author for commit: 6ce7a4260a109ee4cbd4bb281403bdd376da4b58
Created environment cb-kubecd-bdd-gh-1570609673-pr-1
Namespace **-cb-kubecd-bdd-gh-1570609673-pr-1 created 
expose:
  Annotations:
    helm.sh/hook: post-install,post-upgrade
    helm.sh/hook-delete-policy: hook-succeeded
  config:
    domain: 34.77.134.188.nip.io
    exposer: Ingress
    http: "true"
preview:
  image:
    repository: gcr.io/jenkins-x-bdd3/bdd-gh-1570609673
    tag: 0.0.0-SNAPSHOT-PR-1-1
Deleting and cloning the Jenkins X versions repo
Cloning the Jenkins X versions repo https://github.com/cloudbees/cloudbees-jenkins-x-versions.git with revision f29ea3881040f1633663ad7a81892fbf723cc6df to /builder/home/.**/jenkins-x-versions
From https://github.com/cloudbees/cloudbees-jenkins-x-versions
 * branch            f29ea3881040f1633663ad7a81892fbf723cc6df -> FETCH_HEAD


Updating PipelineActivities cb-kubecd-bdd-gh-1570609673-pr-1-1 which has status Running
WARNING: preview application http://bdd-gh-1570609673.**-cb-kubecd-bdd-gh-1570609673-pr-1.34.77.134.188.nip.io not available, error was 503 503 Service Temporarily Unavailable, delaying for: 1.426986804s
WARNING: preview application http://bdd-gh-1570609673.**-cb-kubecd-bdd-gh-1570609673-pr-1.34.77.134.188.nip.io not available, error was 503 503 Service Temporarily Unavailable, delaying for: 1.786258247s
Preview application is now available at: http://bdd-gh-1570609673.**-cb-kubecd-bdd-gh-1570609673-pr-1.34.77.134.188.nip.io
